<?xml version="1.0" encoding="UTF-8"?>
<testng-results total="1" passed="1" failed="0" skipped="0">
  <reporter-output>
  </reporter-output>
  <suite started-at="2023-02-10T04:19:05Z" name="Sanity Test Suite" finished-at="2023-02-10T04:19:28Z" duration-ms="22875">
    <groups>
    </groups>
    <test started-at="2023-02-10T04:19:05Z" name="Computer Tests" finished-at="2023-02-10T04:19:28Z" duration-ms="22875">
      <class name="com.demoshop.tests.ComputerPageTests">
        <test-method is-config="true" signature="killProcesses()[pri:0, instance:com.demoshop.tests.ComputerPageTests@313b2ea6]" started-at="2023-02-10T15:19:05Z" name="killProcesses" finished-at="2023-02-10T15:19:05Z" duration-ms="16" status="PASS">
          <reporter-output>
          </reporter-output>
        </test-method> <!-- killProcesses -->
        <test-method is-config="true" signature="beforeClass(java.lang.String, java.lang.String)[pri:0, instance:com.demoshop.tests.ComputerPageTests@313b2ea6]" started-at="2023-02-10T15:19:05Z" name="beforeClass" finished-at="2023-02-10T15:19:08Z" duration-ms="3404" status="PASS">
          <params>
            <param index="0">
              <value>
                <![CDATA[Chrome]]>
              </value>
            </param>
            <param index="1">
              <value>
                <![CDATA[ComputerPageTests]]>
              </value>
            </param>
          </params>
          <reporter-output>
          </reporter-output>
        </test-method> <!-- beforeClass -->
        <test-method is-config="true" signature="beforeMethod(java.lang.reflect.Method)[pri:0, instance:com.demoshop.tests.ComputerPageTests@313b2ea6]" started-at="2023-02-10T15:19:08Z" name="beforeMethod" finished-at="2023-02-10T15:19:16Z" duration-ms="7432" status="PASS">
          <params>
            <param index="0">
              <value>
                <![CDATA[public void com.demoshop.tests.ComputerPageTests.purchaseCheapComputer() throws java.lang.Exception]]>
              </value>
            </param>
          </params>
          <reporter-output>
          </reporter-output>
        </test-method> <!-- beforeMethod -->
        <test-method signature="purchaseCheapComputer()[pri:0, instance:com.demoshop.tests.ComputerPageTests@313b2ea6]" started-at="2023-02-10T15:19:16Z" name="purchaseCheapComputer" description="GCL_AUT02 - Purchase a desktop computer." finished-at="2023-02-10T15:19:27Z" duration-ms="11462" status="PASS">
          <reporter-output>
          </reporter-output>
        </test-method> <!-- purchaseCheapComputer -->
        <test-method is-config="true" signature="afterMethod()[pri:0, instance:com.demoshop.tests.ComputerPageTests@313b2ea6]" started-at="2023-02-10T15:19:27Z" name="afterMethod" finished-at="2023-02-10T15:19:27Z" duration-ms="244" status="PASS">
          <reporter-output>
          </reporter-output>
        </test-method> <!-- afterMethod -->
        <test-method is-config="true" signature="afterTest()[pri:0, instance:com.demoshop.tests.ComputerPageTests@313b2ea6]" started-at="2023-02-10T15:19:27Z" name="afterTest" finished-at="2023-02-10T15:19:28Z" duration-ms="293" status="PASS">
          <reporter-output>
          </reporter-output>
        </test-method> <!-- afterTest -->
      </class> <!-- com.demoshop.tests.ComputerPageTests -->
    </test> <!-- Computer Tests -->
  </suite> <!-- Sanity Test Suite -->
</testng-results>
